{
  "uid" : "9d2d058f0e530d9f",
  "name" : "test_skip_xfail_in_parametrize[1]",
  "title" : "Test skip xfail in parametrize [1]",
  "time" : {
    "start" : 1494641447182,
    "stop" : 1494641447195,
    "duration" : 13
  },
  "summary" : {
    "attachments" : 0,
    "steps" : 0
  },
  "failure" : {
    "message" : "AssertionError: assert 1 > 3",
    "stackTrace" : "value = 1\n\n    @pytest.mark.parametrize('value', [\n                                      1,\n                                      2,\n                                      5,\n                                      pytest.mark.skipif(3),\n                                      pytest.mark.xfail(0),\n                                      pytest.mark.xfail(10)\n                                      ])\n    def test_skip_xfail_in_parametrize(value):\n        'same as above_3, but has some decorators'\n    \n>       assert value > 3\nE       assert 1 > 3\n\ntry_2.py:32: AssertionError"
  },
  "description" : {
    "value" : "\nCreated on Sat May 13 07:39:58 2017\n\n@author: johri_m\n\r\nsame as above_3, but has some decorators",
    "type" : "TEXT"
  },
  "severity" : "NORMAL",
  "status" : "FAILED",
  "suite" : {
    "uid" : "39c2eb8848b8ac1a",
    "name" : "try_2",
    "title" : "Try 2"
  },
  "steps" : [ ],
  "attachments" : [ ],
  "issues" : [ ],
  "testIds" : [ ],
  "labels" : [ {
    "name" : "host",
    "value" : "LP-R90C2H0L"
  }, {
    "name" : "suite-name",
    "value" : "try_2"
  }, {
    "name" : "thread",
    "value" : "7036-MainThread"
  }, {
    "name" : "suite-title",
    "value" : null
  }, {
    "name" : "severity",
    "value" : "normal"
  } ],
  "parameters" : [ ]
}