{
  "uid" : "c20274cba4b26e4d",
  "name" : "test_skip_xfail_in_parametrize[2]",
  "title" : "Test skip xfail in parametrize [2]",
  "time" : {
    "start" : 1494642403959,
    "stop" : 1494642403973,
    "duration" : 14
  },
  "summary" : {
    "attachments" : 0,
    "steps" : 0
  },
  "failure" : {
    "message" : "AssertionError: assert 2 > 3",
    "stackTrace" : "value = 2\n\n    @pytest.mark.parametrize('value', [\n                                      1,\n                                      2,\n                                      5,\n                                      pytest.mark.skipif(3),\n                                      pytest.mark.xfail(0),\n                                      pytest.mark.xfail(10)\n                                      ])\n    def test_skip_xfail_in_parametrize(value):\n        'same as above_3, but has some decorators'\n    \n        if(value == 5):\n            allure.__name__ = \"My Test 5\"\n>       assert value > 3\nE       assert 2 > 3\n\ntry_2.py:34: AssertionError"
  },
  "description" : {
    "value" : "\nCreated on Sat May 13 07:39:58 2017\n\n@author: johri_m\n\r\nsame as above_3, but has some decorators",
    "type" : "TEXT"
  },
  "severity" : "NORMAL",
  "status" : "FAILED",
  "suite" : {
    "uid" : "35e75707b563807a",
    "name" : "try_2",
    "title" : "Try 2"
  },
  "steps" : [ ],
  "attachments" : [ ],
  "issues" : [ ],
  "testIds" : [ ],
  "labels" : [ {
    "name" : "host",
    "value" : "LP-R90C2H0L"
  }, {
    "name" : "suite-name",
    "value" : "try_2"
  }, {
    "name" : "suite-title",
    "value" : null
  }, {
    "name" : "severity",
    "value" : "normal"
  }, {
    "name" : "thread",
    "value" : "5184-MainThread"
  } ],
  "parameters" : [ ]
}